PACKAGE : package
IDENTIFIER : main
IMPORT : import
STRING_LIT : "fmt"
FUNC : func
IDENTIFIER : main
OPEN_PARAN : (
CLOSE_PARAN : )
OPEN_CURLY : {
IDENTIFIER : if
INT_LIT : 7
ERROR: Invalid input: %
INT_LIT : 2
EQUAL : =
EQUAL : =
ERROR: Invalid input: 0
OPEN_CURLY : {
IDENTIFIER : fmt
DOT : .
IDENTIFIER : Println
OPEN_PARAN : (
STRING_LIT : "7 is even"
CLOSE_PARAN : )
CLOSE_CURLY : }
IDENTIFIER : else
OPEN_CURLY : {
IDENTIFIER : fmt
DOT : .
IDENTIFIER : Println
OPEN_PARAN : (
STRING_LIT : "7 is odd"
CLOSE_PARAN : )
CLOSE_CURLY : }
IDENTIFIER : if
INT_LIT : 12
ERROR: Invalid input: %
INT_LIT : 4
EQUAL : =
EQUAL : =
ERROR: Invalid input: 0
ERROR: Invalid input: &
ERROR: Invalid input: &
INT_LIT : 12
ERROR: Invalid input: %
INT_LIT : 3
EQUAL : =
EQUAL : =
ERROR: Invalid input: 0
OPEN_CURLY : {
IDENTIFIER : fmt
DOT : .
IDENTIFIER : Println
OPEN_PARAN : (
STRING_LIT : "12 is divisible by 4, and 3"
CLOSE_PARAN : )
CLOSE_CURLY : }
IDENTIFIER : if
IDENTIFIER : num
ERROR: Invalid input: :
EQUAL : =
INT_LIT : 9
ERROR: Invalid input: ;
IDENTIFIER : num
ERROR: Invalid input: <
ERROR: Invalid input: 0
OPEN_CURLY : {
IDENTIFIER : fmt
DOT : .
IDENTIFIER : Println
OPEN_PARAN : (
IDENTIFIER : num
COMMA : ,
STRING_LIT : "is negative"
CLOSE_PARAN : )
CLOSE_CURLY : }
IDENTIFIER : else
IDENTIFIER : if
IDENTIFIER : num
ERROR: Invalid input: <
INT_LIT : 10
OPEN_CURLY : {
IDENTIFIER : fmt
DOT : .
IDENTIFIER : Println
OPEN_PARAN : (
IDENTIFIER : num
COMMA : ,
STRING_LIT : "has 1 digit"
CLOSE_PARAN : )
CLOSE_CURLY : }
IDENTIFIER : else
OPEN_CURLY : {
IDENTIFIER : fmt
DOT : .
IDENTIFIER : Println
OPEN_PARAN : (
IDENTIFIER : num
COMMA : ,
STRING_LIT : "has multiple digits"
CLOSE_PARAN : )
CLOSE_CURLY : }
CLOSE_CURLY : }
EOF: Done
